{
  "stats": {
    "suites": 4,
    "tests": 15,
    "passes": 14,
    "pending": 0,
    "failures": 1,
    "start": "2025-06-02T15:24:17.797Z",
    "end": "2025-06-02T15:25:12.049Z",
    "duration": 54252,
    "testsRegistered": 15,
    "passPercent": 93.33333333333333,
    "pendingPercent": 0,
    "other": 0,
    "hasOther": false,
    "skipped": 0,
    "hasSkipped": false
  },
  "results": [
    {
      "uuid": "cac08bf5-3946-4beb-9162-946c1ac34f5e",
      "title": "",
      "fullFile": "cypress/e2e/authentication.cy.js",
      "file": "cypress/e2e/authentication.cy.js",
      "beforeHooks": [],
      "afterHooks": [],
      "tests": [],
      "suites": [
        {
          "uuid": "5ac0583f-d90c-486d-8597-2bc4238e0974",
          "title": "Authentication",
          "fullFile": "",
          "file": "",
          "beforeHooks": [],
          "afterHooks": [],
          "tests": [],
          "suites": [
            {
              "uuid": "58afe6f2-8811-4ec3-8a00-cc426b36b0ef",
              "title": "Registration",
              "fullFile": "",
              "file": "",
              "beforeHooks": [],
              "afterHooks": [],
              "tests": [
                {
                  "title": "should register a new user",
                  "fullTitle": "Authentication Registration should register a new user",
                  "timedOut": null,
                  "duration": 6688,
                  "state": "passed",
                  "speed": "medium",
                  "pass": true,
                  "fail": false,
                  "pending": false,
                  "context": null,
                  "code": "cy.get('@user').then(user => {\n  cy.get('#reg_email').type(user.email);\n  cy.get('#reg_password').type(user.password);\n  cy.get('[value=\"Register\"]').click();\n  cy.get('.woocommerce-MyAccount-content > p').first().should('contain.text', `Hello ${user.userName} (not ${user.userName}? Sign out)`);\n});",
                  "err": {},
                  "uuid": "685a4f4d-2012-4d36-9a2b-9e1cea653057",
                  "parentUUID": "58afe6f2-8811-4ec3-8a00-cc426b36b0ef",
                  "isHook": false,
                  "skipped": false
                },
                {
                  "title": "should display an error for invalid email",
                  "fullTitle": "Authentication Registration should display an error for invalid email",
                  "timedOut": null,
                  "duration": 3137,
                  "state": "passed",
                  "speed": "fast",
                  "pass": true,
                  "fail": false,
                  "pending": false,
                  "context": null,
                  "code": "cy.get('@user').then(user => {\n  cy.get('#reg_email').type('invalid-email@test');\n  cy.get('#reg_password').type(user.password);\n  cy.get('[value=\"Register\"]').click();\n  cy.get('.woocommerce-error').should('contain.text', 'Error: Please provide a valid email address.');\n});",
                  "err": {},
                  "uuid": "283d2134-87a5-43d3-bcd8-e6422808efa9",
                  "parentUUID": "58afe6f2-8811-4ec3-8a00-cc426b36b0ef",
                  "isHook": false,
                  "skipped": false
                },
                {
                  "title": "should display an error for empty email",
                  "fullTitle": "Authentication Registration should display an error for empty email",
                  "timedOut": null,
                  "duration": 2554,
                  "state": "passed",
                  "speed": "fast",
                  "pass": true,
                  "fail": false,
                  "pending": false,
                  "context": null,
                  "code": "cy.get('@user').then(user => {\n  cy.get('#reg_email').should('be.empty');\n  cy.get('#reg_password').type(user.password);\n  cy.get('[value=\"Register\"]').click();\n  cy.get('.woocommerce-error').should('contain.text', 'Error: Please provide a valid email address.');\n});",
                  "err": {},
                  "uuid": "e37c2823-9ecf-4d01-9dc8-4cd6b0f2af7a",
                  "parentUUID": "58afe6f2-8811-4ec3-8a00-cc426b36b0ef",
                  "isHook": false,
                  "skipped": false
                },
                {
                  "title": "should display an error for empty password",
                  "fullTitle": "Authentication Registration should display an error for empty password",
                  "timedOut": null,
                  "duration": 1439,
                  "state": "passed",
                  "speed": "fast",
                  "pass": true,
                  "fail": false,
                  "pending": false,
                  "context": null,
                  "code": "cy.get('@user').then(user => {\n  cy.get('#reg_email').type(user.email);\n  cy.get('#reg_password').should('be.empty');\n  cy.get(':nth-child(4) > .button').click();\n  cy.get('.woocommerce-error').should('contain.text', 'Error: Please enter an account password.');\n});",
                  "err": {},
                  "uuid": "4b65c0cd-8f9e-45d4-acf9-f52263dafc39",
                  "parentUUID": "58afe6f2-8811-4ec3-8a00-cc426b36b0ef",
                  "isHook": false,
                  "skipped": false
                },
                {
                  "title": "should validate password strength as very weak",
                  "fullTitle": "Authentication Registration should validate password strength as very weak",
                  "timedOut": null,
                  "duration": 1747,
                  "state": "passed",
                  "speed": "fast",
                  "pass": true,
                  "fail": false,
                  "pending": false,
                  "context": null,
                  "code": "cy.get('#reg_password').type(password.value);\nif (password.type === 'very weak' || password.type === 'weak') {\n  cy.get('.woocommerce-password-hint').should('be.visible').and('have.text', 'The password should be at least seven characters long. To make it stronger, use upper and lower case letters, numbers and symbols like ! \" ? $ % ^ & ).');\n} else {\n  cy.get('.woocommerce-password-hint').should('not.exist');\n}\ncy.get('.woocommerce-password-strength').should('have.css', 'background-color', (0, _commands.hexToRgb)(password.bgcolor));\ncy.get('.woocommerce-password-strength').should('have.text', password.error);",
                  "err": {},
                  "uuid": "efc70f81-941e-4bf7-aeb4-d631f0de7fea",
                  "parentUUID": "58afe6f2-8811-4ec3-8a00-cc426b36b0ef",
                  "isHook": false,
                  "skipped": false
                },
                {
                  "title": "should validate password strength as weak",
                  "fullTitle": "Authentication Registration should validate password strength as weak",
                  "timedOut": null,
                  "duration": 1489,
                  "state": "passed",
                  "speed": "fast",
                  "pass": true,
                  "fail": false,
                  "pending": false,
                  "context": null,
                  "code": "cy.get('#reg_password').type(password.value);\nif (password.type === 'very weak' || password.type === 'weak') {\n  cy.get('.woocommerce-password-hint').should('be.visible').and('have.text', 'The password should be at least seven characters long. To make it stronger, use upper and lower case letters, numbers and symbols like ! \" ? $ % ^ & ).');\n} else {\n  cy.get('.woocommerce-password-hint').should('not.exist');\n}\ncy.get('.woocommerce-password-strength').should('have.css', 'background-color', (0, _commands.hexToRgb)(password.bgcolor));\ncy.get('.woocommerce-password-strength').should('have.text', password.error);",
                  "err": {},
                  "uuid": "37e75316-f5e7-437c-8e83-82fa94dd803a",
                  "parentUUID": "58afe6f2-8811-4ec3-8a00-cc426b36b0ef",
                  "isHook": false,
                  "skipped": false
                },
                {
                  "title": "should validate password strength as medium",
                  "fullTitle": "Authentication Registration should validate password strength as medium",
                  "timedOut": null,
                  "duration": 1489,
                  "state": "passed",
                  "speed": "fast",
                  "pass": true,
                  "fail": false,
                  "pending": false,
                  "context": null,
                  "code": "cy.get('#reg_password').type(password.value);\nif (password.type === 'very weak' || password.type === 'weak') {\n  cy.get('.woocommerce-password-hint').should('be.visible').and('have.text', 'The password should be at least seven characters long. To make it stronger, use upper and lower case letters, numbers and symbols like ! \" ? $ % ^ & ).');\n} else {\n  cy.get('.woocommerce-password-hint').should('not.exist');\n}\ncy.get('.woocommerce-password-strength').should('have.css', 'background-color', (0, _commands.hexToRgb)(password.bgcolor));\ncy.get('.woocommerce-password-strength').should('have.text', password.error);",
                  "err": {},
                  "uuid": "c6ac4ab7-6f19-4e01-9b9a-b38a0d211061",
                  "parentUUID": "58afe6f2-8811-4ec3-8a00-cc426b36b0ef",
                  "isHook": false,
                  "skipped": false
                },
                {
                  "title": "should validate password strength as strong",
                  "fullTitle": "Authentication Registration should validate password strength as strong",
                  "timedOut": null,
                  "duration": 1340,
                  "state": "passed",
                  "speed": "fast",
                  "pass": true,
                  "fail": false,
                  "pending": false,
                  "context": null,
                  "code": "cy.get('#reg_password').type(password.value);\nif (password.type === 'very weak' || password.type === 'weak') {\n  cy.get('.woocommerce-password-hint').should('be.visible').and('have.text', 'The password should be at least seven characters long. To make it stronger, use upper and lower case letters, numbers and symbols like ! \" ? $ % ^ & ).');\n} else {\n  cy.get('.woocommerce-password-hint').should('not.exist');\n}\ncy.get('.woocommerce-password-strength').should('have.css', 'background-color', (0, _commands.hexToRgb)(password.bgcolor));\ncy.get('.woocommerce-password-strength').should('have.text', password.error);",
                  "err": {},
                  "uuid": "7d68130e-7c23-4c92-9f32-78a4238fffdf",
                  "parentUUID": "58afe6f2-8811-4ec3-8a00-cc426b36b0ef",
                  "isHook": false,
                  "skipped": false
                }
              ],
              "suites": [],
              "passes": [
                "685a4f4d-2012-4d36-9a2b-9e1cea653057",
                "283d2134-87a5-43d3-bcd8-e6422808efa9",
                "e37c2823-9ecf-4d01-9dc8-4cd6b0f2af7a",
                "4b65c0cd-8f9e-45d4-acf9-f52263dafc39",
                "efc70f81-941e-4bf7-aeb4-d631f0de7fea",
                "37e75316-f5e7-437c-8e83-82fa94dd803a",
                "c6ac4ab7-6f19-4e01-9b9a-b38a0d211061",
                "7d68130e-7c23-4c92-9f32-78a4238fffdf"
              ],
              "failures": [],
              "pending": [],
              "skipped": [],
              "duration": 19883,
              "root": false,
              "rootEmpty": false,
              "_timeout": 2000
            },
            {
              "uuid": "9ced445b-dad3-4fae-a4ae-3a0762294960",
              "title": "Login",
              "fullFile": "",
              "file": "",
              "beforeHooks": [],
              "afterHooks": [],
              "tests": [
                {
                  "title": "should login a user with valid username and password",
                  "fullTitle": "Authentication Login should login a user with valid username and password",
                  "timedOut": null,
                  "duration": 2973,
                  "state": "passed",
                  "speed": "fast",
                  "pass": true,
                  "fail": false,
                  "pending": false,
                  "context": null,
                  "code": "cy.get('@registeredUser').then(user => {\n  cy.get('#username').type(user.username);\n  cy.get('#password').type(user.password);\n  cy.get('[name=\"login\"]').click();\n  cy.get('.woocommerce-MyAccount-content > p').first().should('contain.text', `Hello ${user.username} (not ${user.username}? Sign out)`);\n});",
                  "err": {},
                  "uuid": "ac7a5aef-efbd-4397-8a77-50a70bb95792",
                  "parentUUID": "9ced445b-dad3-4fae-a4ae-3a0762294960",
                  "isHook": false,
                  "skipped": false
                },
                {
                  "title": "should login a user with valid email and password",
                  "fullTitle": "Authentication Login should login a user with valid email and password",
                  "timedOut": null,
                  "duration": 3397,
                  "state": "passed",
                  "speed": "fast",
                  "pass": true,
                  "fail": false,
                  "pending": false,
                  "context": null,
                  "code": "cy.get('@registeredUser').then(user => {\n  cy.get('#username').type(user.email);\n  cy.get('#password').type(user.password);\n  cy.get('[name=\"login\"]').click();\n  cy.get('.woocommerce-MyAccount-content > p').first().should('contain.text', `Hello ${user.username} (not ${user.username}? Sign out)`);\n});",
                  "err": {},
                  "uuid": "1bd5e23b-3ace-495a-b29f-874c6caef658",
                  "parentUUID": "9ced445b-dad3-4fae-a4ae-3a0762294960",
                  "isHook": false,
                  "skipped": false
                },
                {
                  "title": "should display an error for invalid email",
                  "fullTitle": "Authentication Login should display an error for invalid email",
                  "timedOut": null,
                  "duration": 3090,
                  "state": "passed",
                  "speed": "fast",
                  "pass": true,
                  "fail": false,
                  "pending": false,
                  "context": null,
                  "code": "cy.get('#username').type('invalid-email1212@domain.random');\ncy.get('#password').type('12');\ncy.get('[name=\"login\"]').click();\ncy.get('.woocommerce-error').should('contain.text', 'Error: A user could not be found with this email address.');",
                  "err": {},
                  "uuid": "b674fb53-3197-42c2-bdb1-cb83077c1c7d",
                  "parentUUID": "9ced445b-dad3-4fae-a4ae-3a0762294960",
                  "isHook": false,
                  "skipped": false
                },
                {
                  "title": "should display an error for empty password",
                  "fullTitle": "Authentication Login should display an error for empty password",
                  "timedOut": null,
                  "duration": 2563,
                  "state": "passed",
                  "speed": "fast",
                  "pass": true,
                  "fail": false,
                  "pending": false,
                  "context": null,
                  "code": "cy.get('@registeredUser').then(user => {\n  cy.get('#username').type(user.email);\n  cy.get('[name=\"login\"]').click();\n  cy.get('.woocommerce-error').should('contain.text', 'Error: Password is required.');\n});",
                  "err": {},
                  "uuid": "12631ec4-1f1e-474c-8b7a-1731a0639425",
                  "parentUUID": "9ced445b-dad3-4fae-a4ae-3a0762294960",
                  "isHook": false,
                  "skipped": false
                },
                {
                  "title": "should mask the password",
                  "fullTitle": "Authentication Login should mask the password",
                  "timedOut": null,
                  "duration": 1803,
                  "state": "passed",
                  "speed": "fast",
                  "pass": true,
                  "fail": false,
                  "pending": false,
                  "context": null,
                  "code": "cy.get('@registeredUser').then(user => {\n  cy.get('#password').type(user.password, {\n    delay: 0\n  });\n  cy.get('#password').should('have.attr', 'type', 'password');\n  cy.get('#password').compareSnapshot('masked-password');\n});",
                  "err": {},
                  "uuid": "e9f9402a-0de0-45ec-9d06-ad63598a8fff",
                  "parentUUID": "9ced445b-dad3-4fae-a4ae-3a0762294960",
                  "isHook": false,
                  "skipped": false
                }
              ],
              "suites": [],
              "passes": [
                "ac7a5aef-efbd-4397-8a77-50a70bb95792",
                "1bd5e23b-3ace-495a-b29f-874c6caef658",
                "b674fb53-3197-42c2-bdb1-cb83077c1c7d",
                "12631ec4-1f1e-474c-8b7a-1731a0639425",
                "e9f9402a-0de0-45ec-9d06-ad63598a8fff"
              ],
              "failures": [],
              "pending": [],
              "skipped": [],
              "duration": 13826,
              "root": false,
              "rootEmpty": false,
              "_timeout": 2000
            },
            {
              "uuid": "86ec5751-cbff-45a0-ae49-04632548b63c",
              "title": "Logout",
              "fullFile": "",
              "file": "",
              "beforeHooks": [],
              "afterHooks": [],
              "tests": [
                {
                  "title": "should logout a user using 'Sign out' link",
                  "fullTitle": "Authentication Logout should logout a user using 'Sign out' link",
                  "timedOut": null,
                  "duration": 5646,
                  "state": "passed",
                  "speed": "medium",
                  "pass": true,
                  "fail": false,
                  "pending": false,
                  "context": null,
                  "code": "cy.contains('a', 'Sign out').click();\ncy.location('pathname').should('include', '/my-account/');",
                  "err": {},
                  "uuid": "2d6ef09b-5ca4-4180-bdbe-644cbda13690",
                  "parentUUID": "86ec5751-cbff-45a0-ae49-04632548b63c",
                  "isHook": false,
                  "skipped": false
                },
                {
                  "title": "should logout a user using 'Logout' link",
                  "fullTitle": "Authentication Logout should logout a user using 'Logout' link",
                  "timedOut": null,
                  "duration": 9496,
                  "state": "failed",
                  "speed": null,
                  "pass": false,
                  "fail": true,
                  "pending": false,
                  "context": null,
                  "code": "cy.contains('a', 'Logout').click();\ncy.location('pathname').should('include', '/my-account/');",
                  "err": {
                    "message": "AssertionError: Timed out retrying after 5000ms: expected '/wp-login.php' to include '/my-account/'",
                    "estack": "AssertionError: Timed out retrying after 5000ms: expected '/wp-login.php' to include '/my-account/'\n    at Context.eval (webpack://cypress-tests/./cypress/e2e/authentication.cy.js:158:30)",
                    "diff": null
                  },
                  "uuid": "60f7005c-b57d-45d3-a407-74c3996bb7f8",
                  "parentUUID": "86ec5751-cbff-45a0-ae49-04632548b63c",
                  "isHook": false,
                  "skipped": false
                }
              ],
              "suites": [],
              "passes": [
                "2d6ef09b-5ca4-4180-bdbe-644cbda13690"
              ],
              "failures": [
                "60f7005c-b57d-45d3-a407-74c3996bb7f8"
              ],
              "pending": [],
              "skipped": [],
              "duration": 15142,
              "root": false,
              "rootEmpty": false,
              "_timeout": 2000
            }
          ],
          "passes": [],
          "failures": [],
          "pending": [],
          "skipped": [],
          "duration": 0,
          "root": false,
          "rootEmpty": false,
          "_timeout": 2000
        }
      ],
      "passes": [],
      "failures": [],
      "pending": [],
      "skipped": [],
      "duration": 0,
      "root": true,
      "rootEmpty": true,
      "_timeout": 2000
    }
  ],
  "meta": {
    "mocha": {
      "version": "7.2.0"
    },
    "mochawesome": {
      "options": {
        "quiet": false,
        "reportFilename": "mochawesome",
        "saveHtml": false,
        "saveJson": true,
        "consoleReporter": "spec",
        "useInlineDiffs": false,
        "code": true
      },
      "version": "7.1.3"
    },
    "marge": {
      "options": {
        "reportDir": "cypress/reports",
        "overwrite": false,
        "html": false,
        "json": true,
        "charts": true
      },
      "version": "6.2.0"
    }
  }
}